<?xml version="1.0" encoding="UTF-8"?>
<!-- Generated by org.testng.reporters.JUnitXMLReporter -->
<testsuite hostname="DESKTOP-L2S6FMP" ignored="0" name="BAUkajima_VenueAdmin_Regression_testcases" tests="4" failures="0" timestamp="23 Jun 2020 13:21:42 GMT" time="0.645" errors="0">
  <testcase name="feature" time="0.131" classname="cucumber.api.testng.AbstractTestNGCucumberTests"/>
  <testcase name="feature" time="0.034" classname="cucumber.api.testng.AbstractTestNGCucumberTests"/>
  <testcase name="feature" time="0.023" classname="cucumber.api.testng.AbstractTestNGCucumberTests"/>
  <testcase name="feature" time="0.012" classname="cucumber.api.testng.AbstractTestNGCucumberTests"/>
</testsuite> <!-- BAUkajima_VenueAdmin_Regression_testcases -->
