<?xml version="1.0" encoding="UTF-8"?>
<!-- Generated by org.testng.reporters.JUnitXMLReporter -->
<testsuite hostname="DESKTOP-L2S6FMP" ignored="0" name="kajima_VenueAdmin_Regression_testcases" tests="6" failures="1" timestamp="25 Jun 2020 15:14:52 GMT" time="1.076" errors="0">
  <testcase name="feature" time="0.163" classname="cucumber.api.testng.AbstractTestNGCucumberTests"/>
  <testcase name="feature" time="0.085" classname="cucumber.api.testng.AbstractTestNGCucumberTests"/>
  <testcase name="feature" time="0.035" classname="cucumber.api.testng.AbstractTestNGCucumberTests"/>
  <testcase name="feature" time="0.036" classname="cucumber.api.testng.AbstractTestNGCucumberTests">
    <failure type="cucumber.runtime.CucumberException" message="cucumber.runtime.CucumberException: There are undefined steps">
      <![CDATA[cucumber.runtime.CucumberException: cucumber.runtime.CucumberException: There are undefined steps
at cucumber.api.testng.TestNGCucumberRunner.runCucumber(TestNGCucumberRunner.java:69)
at cucumber.api.testng.AbstractTestNGCucumberTests.feature(AbstractTestNGCucumberTests.java:21)
at java.util.concurrent.FutureTask.run(FutureTask.java:266)
at java.util.concurrent.ThreadPoolExecutor.runWorker(ThreadPoolExecutor.java:1149)
at java.util.concurrent.ThreadPoolExecutor$Worker.run(ThreadPoolExecutor.java:624)
at java.lang.Thread.run(Thread.java:748)
Caused by: cucumber.runtime.CucumberException: There are undefined steps
at cucumber.api.testng.FeatureResultListener.collectError(FeatureResultListener.java:60)
at cucumber.api.testng.FeatureResultListener.result(FeatureResultListener.java:45)
at cucumber.runtime.Runtime.runStep(Runtime.java:281)
at cucumber.runtime.model.StepContainer.runStep(StepContainer.java:44)
at cucumber.runtime.model.StepContainer.runSteps(StepContainer.java:39)
at cucumber.runtime.model.CucumberScenario.run(CucumberScenario.java:44)
at cucumber.runtime.model.CucumberFeature.run(CucumberFeature.java:165)
at cucumber.api.testng.TestNGCucumberRunner.runCucumber(TestNGCucumberRunner.java:63)
... 21 more
... Removed 16 stack frames]]>
    </failure>
  </testcase> <!-- feature -->
  <testcase name="feature" time="0.027" classname="cucumber.api.testng.AbstractTestNGCucumberTests"/>
  <testcase name="feature" time="0.028" classname="cucumber.api.testng.AbstractTestNGCucumberTests"/>
</testsuite> <!-- kajima_VenueAdmin_Regression_testcases -->
