<?xml version="1.0" encoding="UTF-8"?>
<!-- Generated by org.testng.reporters.JUnitXMLReporter -->
<testsuite hostname="DESKTOP-L2S6FMP" ignored="0" name="kajima_VenueAdmin_Regression_testcases" tests="6" failures="0" timestamp="23 Jun 2020 13:22:39 GMT" time="0.669" errors="0">
  <testcase name="feature" time="0.101" classname="cucumber.api.testng.AbstractTestNGCucumberTests"/>
  <testcase name="feature" time="0.069" classname="cucumber.api.testng.AbstractTestNGCucumberTests"/>
  <testcase name="feature" time="0.028" classname="cucumber.api.testng.AbstractTestNGCucumberTests"/>
  <testcase name="feature" time="0.006" classname="cucumber.api.testng.AbstractTestNGCucumberTests"/>
  <testcase name="feature" time="0.015" classname="cucumber.api.testng.AbstractTestNGCucumberTests"/>
  <testcase name="feature" time="0.012" classname="cucumber.api.testng.AbstractTestNGCucumberTests"/>
</testsuite> <!-- kajima_VenueAdmin_Regression_testcases -->
