<?xml version="1.0" encoding="UTF-8"?>
<testng-results skipped="0" failed="0" ignored="0" total="5" passed="5">
  <reporter-output>
  </reporter-output>
  <suite name="Default suite" duration-ms="671" started-at="2020-06-24T15:12:36Z" finished-at="2020-06-24T15:12:37Z">
    <groups>
      <group name="cucumber">
        <method signature="AbstractTestNGCucumberTests.feature(cucumber.api.testng.CucumberFeatureWrapper)[pri:0, instance:kajima.venueadmin.runner.BAUTestRunner@55d56113]" name="feature" class="cucumber.api.testng.AbstractTestNGCucumberTests"/>
      </group> <!-- cucumber -->
    </groups>
    <test name="Default test" duration-ms="671" started-at="2020-06-24T15:12:36Z" finished-at="2020-06-24T15:12:37Z">
      <class name="kajima.venueadmin.runner.BAUTestRunner">
        <test-method status="PASS" signature="setUpClass()[pri:0, instance:kajima.venueadmin.runner.BAUTestRunner@55d56113]" name="setUpClass" is-config="true" duration-ms="299" started-at="2020-06-24T15:12:36Z" finished-at="2020-06-24T15:12:36Z">
          <reporter-output>
          </reporter-output>
        </test-method> <!-- setUpClass -->
        <test-method status="PASS" signature="feature(cucumber.api.testng.CucumberFeatureWrapper)[pri:0, instance:kajima.venueadmin.runner.BAUTestRunner@55d56113]" name="feature" duration-ms="92" started-at="2020-06-24T15:12:36Z" description="Runs Cucumber Feature" data-provider="features" finished-at="2020-06-24T15:12:37Z">
          <params>
            <param index="0">
              <value>
                <![CDATA[BAU Bookings tab scenarios]]>
              </value>
            </param>
          </params>
          <reporter-output>
          </reporter-output>
        </test-method> <!-- feature -->
        <test-method status="PASS" signature="feature(cucumber.api.testng.CucumberFeatureWrapper)[pri:0, instance:kajima.venueadmin.runner.BAUTestRunner@55d56113]" name="feature" duration-ms="64" started-at="2020-06-24T15:12:37Z" description="Runs Cucumber Feature" data-provider="features" finished-at="2020-06-24T15:12:37Z">
          <params>
            <param index="0">
              <value>
                <![CDATA[BAU Clients tab scenarios]]>
              </value>
            </param>
          </params>
          <reporter-output>
          </reporter-output>
        </test-method> <!-- feature -->
        <test-method status="PASS" signature="feature(cucumber.api.testng.CucumberFeatureWrapper)[pri:0, instance:kajima.venueadmin.runner.BAUTestRunner@55d56113]" name="feature" duration-ms="25" started-at="2020-06-24T15:12:37Z" description="Runs Cucumber Feature" data-provider="features" finished-at="2020-06-24T15:12:37Z">
          <params>
            <param index="0">
              <value>
                <![CDATA[BAU Invoice tab scenarios]]>
              </value>
            </param>
          </params>
          <reporter-output>
          </reporter-output>
        </test-method> <!-- feature -->
        <test-method status="PASS" signature="feature(cucumber.api.testng.CucumberFeatureWrapper)[pri:0, instance:kajima.venueadmin.runner.BAUTestRunner@55d56113]" name="feature" duration-ms="14" started-at="2020-06-24T15:12:37Z" description="Runs Cucumber Feature" data-provider="features" finished-at="2020-06-24T15:12:37Z">
          <params>
            <param index="0">
              <value>
                <![CDATA[BAU Payments tab scenarios]]>
              </value>
            </param>
          </params>
          <reporter-output>
          </reporter-output>
        </test-method> <!-- feature -->
        <test-method status="PASS" signature="feature(cucumber.api.testng.CucumberFeatureWrapper)[pri:0, instance:kajima.venueadmin.runner.BAUTestRunner@55d56113]" name="feature" duration-ms="10" started-at="2020-06-24T15:12:37Z" description="Runs Cucumber Feature" data-provider="features" finished-at="2020-06-24T15:12:37Z">
          <params>
            <param index="0">
              <value>
                <![CDATA[BAU Reminder tab scenarios]]>
              </value>
            </param>
          </params>
          <reporter-output>
          </reporter-output>
        </test-method> <!-- feature -->
        <test-method status="PASS" signature="tearDownClass()[pri:0, instance:kajima.venueadmin.runner.BAUTestRunner@55d56113]" name="tearDownClass" is-config="true" duration-ms="15" started-at="2020-06-24T15:12:37Z" finished-at="2020-06-24T15:12:37Z">
          <reporter-output>
          </reporter-output>
        </test-method> <!-- tearDownClass -->
      </class> <!-- kajima.venueadmin.runner.BAUTestRunner -->
    </test> <!-- Default test -->
  </suite> <!-- Default suite -->
</testng-results>
