<?xml version="1.0" encoding="UTF-8"?>
<testng-results skipped="0" failed="0" ignored="0" total="6" passed="6">
  <reporter-output>
  </reporter-output>
  <suite name="Default suite" duration-ms="691" started-at="2020-06-25T15:48:01Z" finished-at="2020-06-25T15:48:02Z">
    <groups>
      <group name="cucumber">
        <method signature="AbstractTestNGCucumberTests.feature(cucumber.api.testng.CucumberFeatureWrapper)[pri:0, instance:kajima.venueadmin.runner.BAUTestRunner@55d56113]" name="feature" class="cucumber.api.testng.AbstractTestNGCucumberTests"/>
      </group> <!-- cucumber -->
    </groups>
    <test name="Default test" duration-ms="691" started-at="2020-06-25T15:48:01Z" finished-at="2020-06-25T15:48:02Z">
      <class name="kajima.venueadmin.runner.BAUTestRunner">
        <test-method status="PASS" signature="setUpClass()[pri:0, instance:kajima.venueadmin.runner.BAUTestRunner@55d56113]" name="setUpClass" is-config="true" duration-ms="279" started-at="2020-06-25T15:48:02Z" finished-at="2020-06-25T15:48:02Z">
          <reporter-output>
          </reporter-output>
        </test-method> <!-- setUpClass -->
        <test-method status="PASS" signature="feature(cucumber.api.testng.CucumberFeatureWrapper)[pri:0, instance:kajima.venueadmin.runner.BAUTestRunner@55d56113]" name="feature" duration-ms="98" started-at="2020-06-25T15:48:02Z" description="Runs Cucumber Feature" data-provider="features" finished-at="2020-06-25T15:48:02Z">
          <params>
            <param index="0">
              <value>
                <![CDATA[BAU Bookings tab scenarios]]>
              </value>
            </param>
          </params>
          <reporter-output>
          </reporter-output>
        </test-method> <!-- feature -->
        <test-method status="PASS" signature="feature(cucumber.api.testng.CucumberFeatureWrapper)[pri:0, instance:kajima.venueadmin.runner.BAUTestRunner@55d56113]" name="feature" duration-ms="67" started-at="2020-06-25T15:48:02Z" description="Runs Cucumber Feature" data-provider="features" finished-at="2020-06-25T15:48:02Z">
          <params>
            <param index="0">
              <value>
                <![CDATA[BAU Clients tab scenarios]]>
              </value>
            </param>
          </params>
          <reporter-output>
          </reporter-output>
        </test-method> <!-- feature -->
        <test-method status="PASS" signature="feature(cucumber.api.testng.CucumberFeatureWrapper)[pri:0, instance:kajima.venueadmin.runner.BAUTestRunner@55d56113]" name="feature" duration-ms="21" started-at="2020-06-25T15:48:02Z" description="Runs Cucumber Feature" data-provider="features" finished-at="2020-06-25T15:48:02Z">
          <params>
            <param index="0">
              <value>
                <![CDATA[BAU Invoice tab scenarios]]>
              </value>
            </param>
          </params>
          <reporter-output>
          </reporter-output>
        </test-method> <!-- feature -->
        <test-method status="PASS" signature="feature(cucumber.api.testng.CucumberFeatureWrapper)[pri:0, instance:kajima.venueadmin.runner.BAUTestRunner@55d56113]" name="feature" duration-ms="37" started-at="2020-06-25T15:48:02Z" description="Runs Cucumber Feature" data-provider="features" finished-at="2020-06-25T15:48:02Z">
          <params>
            <param index="0">
              <value>
                <![CDATA[Manage tab scenarios]]>
              </value>
            </param>
          </params>
          <reporter-output>
          </reporter-output>
        </test-method> <!-- feature -->
        <test-method status="PASS" signature="feature(cucumber.api.testng.CucumberFeatureWrapper)[pri:0, instance:kajima.venueadmin.runner.BAUTestRunner@55d56113]" name="feature" duration-ms="18" started-at="2020-06-25T15:48:02Z" description="Runs Cucumber Feature" data-provider="features" finished-at="2020-06-25T15:48:02Z">
          <params>
            <param index="0">
              <value>
                <![CDATA[BAU Payments tab scenarios]]>
              </value>
            </param>
          </params>
          <reporter-output>
          </reporter-output>
        </test-method> <!-- feature -->
        <test-method status="PASS" signature="feature(cucumber.api.testng.CucumberFeatureWrapper)[pri:0, instance:kajima.venueadmin.runner.BAUTestRunner@55d56113]" name="feature" duration-ms="16" started-at="2020-06-25T15:48:02Z" description="Runs Cucumber Feature" data-provider="features" finished-at="2020-06-25T15:48:02Z">
          <params>
            <param index="0">
              <value>
                <![CDATA[BAU Reminder tab scenarios]]>
              </value>
            </param>
          </params>
          <reporter-output>
          </reporter-output>
        </test-method> <!-- feature -->
        <test-method status="PASS" signature="tearDownClass()[pri:0, instance:kajima.venueadmin.runner.BAUTestRunner@55d56113]" name="tearDownClass" is-config="true" duration-ms="15" started-at="2020-06-25T15:48:02Z" finished-at="2020-06-25T15:48:02Z">
          <reporter-output>
          </reporter-output>
        </test-method> <!-- tearDownClass -->
      </class> <!-- kajima.venueadmin.runner.BAUTestRunner -->
    </test> <!-- Default test -->
  </suite> <!-- Default suite -->
</testng-results>
